Warning[205] C:\USERS\97259\ONEDRIVE\DESKTOP\PIC\PIC.ASM 2 : Found directive in column 1. (PROCESSOR)
Warning[205] C:\USERS\97259\ONEDRIVE\DESKTOP\PIC\PIC.ASM 3 : Found directive in column 1. (INCLUDE)
Warning[205] C:\USERS\97259\ONEDRIVE\DESKTOP\PIC\PIC.ASM 4 : Found directive in column 1. (__CONFIG)
Warning[205] C:\USERS\97259\ONEDRIVE\DESKTOP\PIC\PIC.ASM 80 : Found directive in column 1. (ORG)
Warning[203] C:\USERS\97259\ONEDRIVE\DESKTOP\PIC\PIC.ASM 81 : Found opcode in column 1. (GOTO)
Warning[205] C:\USERS\97259\ONEDRIVE\DESKTOP\PIC\PIC.ASM 82 : Found directive in column 1. (ORG)
Warning[203] C:\USERS\97259\ONEDRIVE\DESKTOP\PIC\PIC.ASM 83 : Found opcode in column 1. (GOTO)
Warning[203] C:\USERS\97259\ONEDRIVE\DESKTOP\PIC\PIC.ASM 87 : Found opcode in column 1. (CLRF)
Warning[203] C:\USERS\97259\ONEDRIVE\DESKTOP\PIC\PIC.ASM 88 : Found opcode in column 1. (CLRF)
Warning[203] C:\USERS\97259\ONEDRIVE\DESKTOP\PIC\PIC.ASM 89 : Found opcode in column 1. (CLRF)
Warning[203] C:\USERS\97259\ONEDRIVE\DESKTOP\PIC\PIC.ASM 90 : Found opcode in column 1. (CLRF)
Warning[203] C:\USERS\97259\ONEDRIVE\DESKTOP\PIC\PIC.ASM 91 : Found opcode in column 1. (CLRF)
Warning[203] C:\USERS\97259\ONEDRIVE\DESKTOP\PIC\PIC.ASM 92 : Found opcode in column 1. (CLRF)
Warning[203] C:\USERS\97259\ONEDRIVE\DESKTOP\PIC\PIC.ASM 93 : Found opcode in column 1. (CLRF)
Warning[203] C:\USERS\97259\ONEDRIVE\DESKTOP\PIC\PIC.ASM 94 : Found opcode in column 1. (CLRF)
Warning[203] C:\USERS\97259\ONEDRIVE\DESKTOP\PIC\PIC.ASM 95 : Found opcode in column 1. (CLRF)
Warning[203] C:\USERS\97259\ONEDRIVE\DESKTOP\PIC\PIC.ASM 96 : Found opcode in column 1. (CLRF)
Warning[203] C:\USERS\97259\ONEDRIVE\DESKTOP\PIC\PIC.ASM 97 : Found opcode in column 1. (CLRF)
Warning[203] C:\USERS\97259\ONEDRIVE\DESKTOP\PIC\PIC.ASM 98 : Found opcode in column 1. (CLRF)
Warning[203] C:\USERS\97259\ONEDRIVE\DESKTOP\PIC\PIC.ASM 99 : Found opcode in column 1. (MOVLW)
Warning[203] C:\USERS\97259\ONEDRIVE\DESKTOP\PIC\PIC.ASM 100 : Found opcode in column 1. (MOVWF)
Warning[203] C:\USERS\97259\ONEDRIVE\DESKTOP\PIC\PIC.ASM 101 : Found opcode in column 1. (CLRF)
Warning[203] C:\USERS\97259\ONEDRIVE\DESKTOP\PIC\PIC.ASM 102 : Found opcode in column 1. (CLRF)
Warning[203] C:\USERS\97259\ONEDRIVE\DESKTOP\PIC\PIC.ASM 103 : Found opcode in column 1. (CLRF)
Warning[203] C:\USERS\97259\ONEDRIVE\DESKTOP\PIC\PIC.ASM 104 : Found opcode in column 1. (CLRF)
Warning[203] C:\USERS\97259\ONEDRIVE\DESKTOP\PIC\PIC.ASM 105 : Found opcode in column 1. (CLRF)
Warning[203] C:\USERS\97259\ONEDRIVE\DESKTOP\PIC\PIC.ASM 106 : Found opcode in column 1. (CLRF)
Warning[203] C:\USERS\97259\ONEDRIVE\DESKTOP\PIC\PIC.ASM 107 : Found opcode in column 1. (CLRF)
Warning[203] C:\USERS\97259\ONEDRIVE\DESKTOP\PIC\PIC.ASM 108 : Found opcode in column 1. (CLRF)
Warning[203] C:\USERS\97259\ONEDRIVE\DESKTOP\PIC\PIC.ASM 109 : Found opcode in column 1. (CLRF)
Warning[203] C:\USERS\97259\ONEDRIVE\DESKTOP\PIC\PIC.ASM 110 : Found opcode in column 1. (CLRF)
Warning[203] C:\USERS\97259\ONEDRIVE\DESKTOP\PIC\PIC.ASM 111 : Found opcode in column 1. (CLRF)
Warning[203] C:\USERS\97259\ONEDRIVE\DESKTOP\PIC\PIC.ASM 112 : Found opcode in column 1. (CLRF)
Warning[203] C:\USERS\97259\ONEDRIVE\DESKTOP\PIC\PIC.ASM 113 : Found opcode in column 1. (CLRF)
Warning[203] C:\USERS\97259\ONEDRIVE\DESKTOP\PIC\PIC.ASM 114 : Found opcode in column 1. (CLRF)
Warning[203] C:\USERS\97259\ONEDRIVE\DESKTOP\PIC\PIC.ASM 115 : Found opcode in column 1. (CLRF)
Warning[203] C:\USERS\97259\ONEDRIVE\DESKTOP\PIC\PIC.ASM 116 : Found opcode in column 1. (CLRF)
Warning[203] C:\USERS\97259\ONEDRIVE\DESKTOP\PIC\PIC.ASM 117 : Found opcode in column 1. (CLRF)
Warning[203] C:\USERS\97259\ONEDRIVE\DESKTOP\PIC\PIC.ASM 118 : Found opcode in column 1. (CLRF)
Warning[202] C:\USERS\97259\ONEDRIVE\DESKTOP\PIC\PIC.ASM 119 : Argument out of range.  Least significant bits used.
Warning[203] C:\USERS\97259\ONEDRIVE\DESKTOP\PIC\PIC.ASM 121 : Found opcode in column 1. (MOVLW)
Warning[202] C:\USERS\97259\ONEDRIVE\DESKTOP\PIC\PIC.ASM 121 : Argument out of range.  Least significant bits used.
Warning[203] C:\USERS\97259\ONEDRIVE\DESKTOP\PIC\PIC.ASM 123 : Found opcode in column 1. (CLRF)
Warning[203] C:\USERS\97259\ONEDRIVE\DESKTOP\PIC\PIC.ASM 124 : Found opcode in column 1. (CLRF)
Warning[203] C:\USERS\97259\ONEDRIVE\DESKTOP\PIC\PIC.ASM 125 : Found opcode in column 1. (CLRF)
Warning[203] C:\USERS\97259\ONEDRIVE\DESKTOP\PIC\PIC.ASM 126 : Found opcode in column 1. (CLRF)
Warning[203] C:\USERS\97259\ONEDRIVE\DESKTOP\PIC\PIC.ASM 127 : Found opcode in column 1. (CLRF)
Warning[203] C:\USERS\97259\ONEDRIVE\DESKTOP\PIC\PIC.ASM 128 : Found opcode in column 1. (CLRF)
Warning[203] C:\USERS\97259\ONEDRIVE\DESKTOP\PIC\PIC.ASM 129 : Found opcode in column 1. (CLRF)
Warning[203] C:\USERS\97259\ONEDRIVE\DESKTOP\PIC\PIC.ASM 130 : Found opcode in column 1. (CLRF)
Warning[203] C:\USERS\97259\ONEDRIVE\DESKTOP\PIC\PIC.ASM 131 : Found opcode in column 1. (CLRF)
Warning[203] C:\USERS\97259\ONEDRIVE\DESKTOP\PIC\PIC.ASM 132 : Found opcode in column 1. (CLRF)
Warning[203] C:\USERS\97259\ONEDRIVE\DESKTOP\PIC\PIC.ASM 133 : Found opcode in column 1. (CLRF)
Warning[203] C:\USERS\97259\ONEDRIVE\DESKTOP\PIC\PIC.ASM 134 : Found opcode in column 1. (CLRF)
Warning[203] C:\USERS\97259\ONEDRIVE\DESKTOP\PIC\PIC.ASM 135 : Found opcode in column 1. (CLRF)
Warning[203] C:\USERS\97259\ONEDRIVE\DESKTOP\PIC\PIC.ASM 136 : Found opcode in column 1. (CLRF)
Warning[203] C:\USERS\97259\ONEDRIVE\DESKTOP\PIC\PIC.ASM 137 : Found opcode in column 1. (CLRF)
Warning[203] C:\USERS\97259\ONEDRIVE\DESKTOP\PIC\PIC.ASM 138 : Found opcode in column 1. (CLRF)
Warning[203] C:\USERS\97259\ONEDRIVE\DESKTOP\PIC\PIC.ASM 139 : Found opcode in column 1. (CLRF)
Warning[203] C:\USERS\97259\ONEDRIVE\DESKTOP\PIC\PIC.ASM 140 : Found opcode in column 1. (CLRF)
Warning[203] C:\USERS\97259\ONEDRIVE\DESKTOP\PIC\PIC.ASM 141 : Found opcode in column 1. (CLRF)
Warning[203] C:\USERS\97259\ONEDRIVE\DESKTOP\PIC\PIC.ASM 142 : Found opcode in column 1. (CLRF)
Warning[203] C:\USERS\97259\ONEDRIVE\DESKTOP\PIC\PIC.ASM 143 : Found opcode in column 1. (CLRF)
Warning[203] C:\USERS\97259\ONEDRIVE\DESKTOP\PIC\PIC.ASM 144 : Found opcode in column 1. (CLRF)
Message[302] C:\USERS\97259\ONEDRIVE\DESKTOP\PIC\PIC.ASM 145 : Register in operand not in bank 0.  Ensure that bank bits are correct.
Warning[203] C:\USERS\97259\ONEDRIVE\DESKTOP\PIC\PIC.ASM 153 : Found opcode in column 1. (CALL)
Warning[207] C:\USERS\97259\ONEDRIVE\DESKTOP\PIC\PIC.ASM 283 : Found label after column 1. (equal_end2)
Warning[207] C:\USERS\97259\ONEDRIVE\DESKTOP\PIC\PIC.ASM 290 : Found label after column 1. (not_equal3)
Warning[207] C:\USERS\97259\ONEDRIVE\DESKTOP\PIC\PIC.ASM 324 : Found label after column 1. (NOT_EQUAL1)
Warning[207] C:\USERS\97259\ONEDRIVE\DESKTOP\PIC\PIC.ASM 332 : Found label after column 1. (equal_end3)
Warning[207] C:\USERS\97259\ONEDRIVE\DESKTOP\PIC\PIC.ASM 342 : Found label after column 1. (not_equal4)
Warning[207] C:\USERS\97259\ONEDRIVE\DESKTOP\PIC\PIC.ASM 378 : Found label after column 1. (NOT_EQUAL2)
Warning[203] C:\USERS\97259\ONEDRIVE\DESKTOP\PIC\PIC.ASM 395 : Found opcode in column 1. (MOVLW)
Warning[203] C:\USERS\97259\ONEDRIVE\DESKTOP\PIC\PIC.ASM 396 : Found opcode in column 1. (XORWF)
Warning[203] C:\USERS\97259\ONEDRIVE\DESKTOP\PIC\PIC.ASM 397 : Found opcode in column 1. (BTFSS)
Warning[203] C:\USERS\97259\ONEDRIVE\DESKTOP\PIC\PIC.ASM 398 : Found opcode in column 1. (GOTO)
Warning[203] C:\USERS\97259\ONEDRIVE\DESKTOP\PIC\PIC.ASM 399 : Found opcode in column 1. (BCF)
Warning[203] C:\USERS\97259\ONEDRIVE\DESKTOP\PIC\PIC.ASM 400 : Found opcode in column 1. (MOVLW)
Warning[203] C:\USERS\97259\ONEDRIVE\DESKTOP\PIC\PIC.ASM 401 : Found opcode in column 1. (CALL)
Warning[203] C:\USERS\97259\ONEDRIVE\DESKTOP\PIC\PIC.ASM 402 : Found opcode in column 1. (BSF)
Warning[203] C:\USERS\97259\ONEDRIVE\DESKTOP\PIC\PIC.ASM 403 : Found opcode in column 1. (MOVLW)
Warning[203] C:\USERS\97259\ONEDRIVE\DESKTOP\PIC\PIC.ASM 404 : Found opcode in column 1. (CALL)
Warning[203] C:\USERS\97259\ONEDRIVE\DESKTOP\PIC\PIC.ASM 405 : Found opcode in column 1. (MOVLW)
Warning[203] C:\USERS\97259\ONEDRIVE\DESKTOP\PIC\PIC.ASM 406 : Found opcode in column 1. (MOVWF)
Warning[203] C:\USERS\97259\ONEDRIVE\DESKTOP\PIC\PIC.ASM 407 : Found opcode in column 1. (INCF)
Warning[203] C:\USERS\97259\ONEDRIVE\DESKTOP\PIC\PIC.ASM 409 : Found opcode in column 1. (GOTO)
Warning[207] C:\USERS\97259\ONEDRIVE\DESKTOP\PIC\PIC.ASM 473 : Found label after column 1. (equal_end6)
Warning[207] C:\USERS\97259\ONEDRIVE\DESKTOP\PIC\PIC.ASM 479 : Found label after column 1. (not_equal7)
Warning[207] C:\USERS\97259\ONEDRIVE\DESKTOP\PIC\PIC.ASM 559 : Found label after column 1. (equal_end8)
Warning[207] C:\USERS\97259\ONEDRIVE\DESKTOP\PIC\PIC.ASM 570 : Found label after column 1. (not_equal9)
Warning[207] C:\USERS\97259\ONEDRIVE\DESKTOP\PIC\PIC.ASM 603 : Found label after column 1. (NOT_EQUAL4)
Warning[207] C:\USERS\97259\ONEDRIVE\DESKTOP\PIC\PIC.ASM 619 : Found label after column 1. (not_equal10)
Warning[207] C:\USERS\97259\ONEDRIVE\DESKTOP\PIC\PIC.ASM 655 : Found label after column 1. (NOT_EQUAL5)
Warning[207] C:\USERS\97259\ONEDRIVE\DESKTOP\PIC\PIC.ASM 670 : Found label after column 1. (checkYN)
Warning[203] C:\USERS\97259\ONEDRIVE\DESKTOP\PIC\PIC.ASM 683 : Found opcode in column 1. (MOVLW)
Warning[203] C:\USERS\97259\ONEDRIVE\DESKTOP\PIC\PIC.ASM 684 : Found opcode in column 1. (XORWF)
Warning[203] C:\USERS\97259\ONEDRIVE\DESKTOP\PIC\PIC.ASM 685 : Found opcode in column 1. (BTFSS)
Message[302] C:\USERS\97259\ONEDRIVE\DESKTOP\PIC\PIC.ASM 700 : Register in operand not in bank 0.  Ensure that bank bits are correct.
Warning[203] C:\USERS\97259\ONEDRIVE\DESKTOP\PIC\PIC.ASM 703 : Found opcode in column 1. (CALL)
Warning[205] C:\USERS\97259\ONEDRIVE\DESKTOP\PIC\PIC.ASM 707 : Found directive in column 1. (INCLUDE)
Message[305] C:\USERS\97259\ONEDRIVE\DESKTOP\PIC\LCDIS_PORTA.INC 27 : Using default destination of 1 (file).
Message[305] C:\USERS\97259\ONEDRIVE\DESKTOP\PIC\LCDIS_PORTA.INC 37 : Using default destination of 1 (file).
Message[305] C:\USERS\97259\ONEDRIVE\DESKTOP\PIC\LCDIS_PORTA.INC 67 : Using default destination of 1 (file).
Message[302] C:\USERS\97259\ONEDRIVE\DESKTOP\PIC\LCDIS_PORTA.INC 101 : Register in operand not in bank 0.  Ensure that bank bits are correct.
Message[302] C:\USERS\97259\ONEDRIVE\DESKTOP\PIC\LCDIS_PORTA.INC 108 : Register in operand not in bank 0.  Ensure that bank bits are correct.
Warning[203] C:\USERS\97259\ONEDRIVE\DESKTOP\PIC\LCDIS_PORTA.INC 196 : Found opcode in column 1. (RETURN)
Warning[207] C:\USERS\97259\ONEDRIVE\DESKTOP\PIC\LCDIS_PORTA.INC 218 : Found label after column 1. (PrintErr)
Warning[202] C:\USERS\97259\ONEDRIVE\DESKTOP\PIC\LCDIS_PORTA.INC 250 : Argument out of range.  Least significant bits used.
Warning[203] C:\USERS\97259\ONEDRIVE\DESKTOP\PIC\LCDIS_PORTA.INC 252 : Found opcode in column 1. (MOVLW)
Warning[202] C:\USERS\97259\ONEDRIVE\DESKTOP\PIC\LCDIS_PORTA.INC 252 : Argument out of range.  Least significant bits used.
Warning[203] C:\USERS\97259\ONEDRIVE\DESKTOP\PIC\LCDIS_PORTA.INC 258 : Found opcode in column 1. (CLRF)
Warning[203] C:\USERS\97259\ONEDRIVE\DESKTOP\PIC\LCDIS_PORTA.INC 259 : Found opcode in column 1. (CLRF)
Warning[203] C:\USERS\97259\ONEDRIVE\DESKTOP\PIC\LCDIS_PORTA.INC 260 : Found opcode in column 1. (CLRF)
Warning[203] C:\USERS\97259\ONEDRIVE\DESKTOP\PIC\LCDIS_PORTA.INC 261 : Found opcode in column 1. (RETURN)
Message[302] C:\USERS\97259\ONEDRIVE\DESKTOP\PIC\LCDIS_PORTA.INC 265 : Register in operand not in bank 0.  Ensure that bank bits are correct.
Warning[203] C:\USERS\97259\ONEDRIVE\DESKTOP\PIC\PIC.ASM 711 : Found opcode in column 1. (CALL)
Warning[203] C:\USERS\97259\ONEDRIVE\DESKTOP\PIC\PIC.ASM 712 : Found opcode in column 1. (CALL)
Message[302] C:\USERS\97259\ONEDRIVE\DESKTOP\PIC\PIC.ASM 718 : Register in operand not in bank 0.  Ensure that bank bits are correct.
Warning[203] C:\USERS\97259\ONEDRIVE\DESKTOP\PIC\PIC.ASM 729 : Found opcode in column 1. (CALL)
Warning[207] C:\USERS\97259\ONEDRIVE\DESKTOP\PIC\PIC.ASM 732 : Found label after column 1. (LOOP)
Message[302] C:\USERS\97259\ONEDRIVE\DESKTOP\PIC\PIC.ASM 744 : Register in operand not in bank 0.  Ensure that bank bits are correct.
Warning[202] C:\USERS\97259\ONEDRIVE\DESKTOP\PIC\PIC.ASM 747 : Argument out of range.  Least significant bits used.
Warning[203] C:\USERS\97259\ONEDRIVE\DESKTOP\PIC\PIC.ASM 757 : Found opcode in column 1. (CALL)
Warning[207] C:\USERS\97259\ONEDRIVE\DESKTOP\PIC\PIC.ASM 759 : Found label after column 1. (LOOP1)
Message[302] C:\USERS\97259\ONEDRIVE\DESKTOP\PIC\PIC.ASM 770 : Register in operand not in bank 0.  Ensure that bank bits are correct.
Warning[202] C:\USERS\97259\ONEDRIVE\DESKTOP\PIC\PIC.ASM 773 : Argument out of range.  Least significant bits used.
Warning[203] C:\USERS\97259\ONEDRIVE\DESKTOP\PIC\PIC.ASM 782 : Found opcode in column 1. (CALL)
Warning[207] C:\USERS\97259\ONEDRIVE\DESKTOP\PIC\PIC.ASM 783 : Found label after column 1. (LOOP2)
Message[302] C:\USERS\97259\ONEDRIVE\DESKTOP\PIC\PIC.ASM 793 : Register in operand not in bank 0.  Ensure that bank bits are correct.
Warning[202] C:\USERS\97259\ONEDRIVE\DESKTOP\PIC\PIC.ASM 796 : Argument out of range.  Least significant bits used.
Warning[203] C:\USERS\97259\ONEDRIVE\DESKTOP\PIC\PIC.ASM 807 : Found opcode in column 1. (CALL)
Warning[207] C:\USERS\97259\ONEDRIVE\DESKTOP\PIC\PIC.ASM 810 : Found label after column 1. (LOOP3)
Message[302] C:\USERS\97259\ONEDRIVE\DESKTOP\PIC\PIC.ASM 822 : Register in operand not in bank 0.  Ensure that bank bits are correct.
Warning[202] C:\USERS\97259\ONEDRIVE\DESKTOP\PIC\PIC.ASM 825 : Argument out of range.  Least significant bits used.
Warning[203] C:\USERS\97259\ONEDRIVE\DESKTOP\PIC\PIC.ASM 837 : Found opcode in column 1. (CALL)
Warning[207] C:\USERS\97259\ONEDRIVE\DESKTOP\PIC\PIC.ASM 839 : Found label after column 1. (LOOP4)
Message[302] C:\USERS\97259\ONEDRIVE\DESKTOP\PIC\PIC.ASM 852 : Register in operand not in bank 0.  Ensure that bank bits are correct.
Warning[202] C:\USERS\97259\ONEDRIVE\DESKTOP\PIC\PIC.ASM 855 : Argument out of range.  Least significant bits used.
Warning[203] C:\USERS\97259\ONEDRIVE\DESKTOP\PIC\PIC.ASM 867 : Found opcode in column 1. (CALL)
Warning[207] C:\USERS\97259\ONEDRIVE\DESKTOP\PIC\PIC.ASM 869 : Found label after column 1. (LOOP5)
Warning[203] C:\USERS\97259\ONEDRIVE\DESKTOP\PIC\PIC.ASM 874 : Found opcode in column 1. (CALL)
Message[302] C:\USERS\97259\ONEDRIVE\DESKTOP\PIC\PIC.ASM 877 : Register in operand not in bank 0.  Ensure that bank bits are correct.
Warning[202] C:\USERS\97259\ONEDRIVE\DESKTOP\PIC\PIC.ASM 880 : Argument out of range.  Least significant bits used.
Warning[203] C:\USERS\97259\ONEDRIVE\DESKTOP\PIC\PIC.ASM 890 : Found opcode in column 1. (CALL)
Warning[207] C:\USERS\97259\ONEDRIVE\DESKTOP\PIC\PIC.ASM 893 : Found label after column 1. (LOOP6)
Warning[203] C:\USERS\97259\ONEDRIVE\DESKTOP\PIC\PIC.ASM 899 : Found opcode in column 1. (CALL)
Message[302] C:\USERS\97259\ONEDRIVE\DESKTOP\PIC\PIC.ASM 904 : Register in operand not in bank 0.  Ensure that bank bits are correct.
Warning[202] C:\USERS\97259\ONEDRIVE\DESKTOP\PIC\PIC.ASM 907 : Argument out of range.  Least significant bits used.
Warning[203] C:\USERS\97259\ONEDRIVE\DESKTOP\PIC\PIC.ASM 917 : Found opcode in column 1. (CALL)
Warning[207] C:\USERS\97259\ONEDRIVE\DESKTOP\PIC\PIC.ASM 919 : Found label after column 1. (LOOP7)
Message[302] C:\USERS\97259\ONEDRIVE\DESKTOP\PIC\PIC.ASM 930 : Register in operand not in bank 0.  Ensure that bank bits are correct.
Warning[202] C:\USERS\97259\ONEDRIVE\DESKTOP\PIC\PIC.ASM 933 : Argument out of range.  Least significant bits used.
Warning[203] C:\USERS\97259\ONEDRIVE\DESKTOP\PIC\PIC.ASM 943 : Found opcode in column 1. (CALL)
Warning[207] C:\USERS\97259\ONEDRIVE\DESKTOP\PIC\PIC.ASM 945 : Found label after column 1. (LOOP8)
Warning[203] C:\USERS\97259\ONEDRIVE\DESKTOP\PIC\PIC.ASM 950 : Found opcode in column 1. (CALL)
Message[302] C:\USERS\97259\ONEDRIVE\DESKTOP\PIC\PIC.ASM 957 : Register in operand not in bank 0.  Ensure that bank bits are correct.
Warning[202] C:\USERS\97259\ONEDRIVE\DESKTOP\PIC\PIC.ASM 960 : Argument out of range.  Least significant bits used.
Warning[203] C:\USERS\97259\ONEDRIVE\DESKTOP\PIC\PIC.ASM 970 : Found opcode in column 1. (CALL)
Warning[207] C:\USERS\97259\ONEDRIVE\DESKTOP\PIC\PIC.ASM 972 : Found label after column 1. (LOOP9)
Message[302] C:\USERS\97259\ONEDRIVE\DESKTOP\PIC\PIC.ASM 979 : Register in operand not in bank 0.  Ensure that bank bits are correct.
Message[302] C:\USERS\97259\ONEDRIVE\DESKTOP\PIC\PIC.ASM 987 : Register in operand not in bank 0.  Ensure that bank bits are correct.
Warning[202] C:\USERS\97259\ONEDRIVE\DESKTOP\PIC\PIC.ASM 990 : Argument out of range.  Least significant bits used.
Warning[203] C:\USERS\97259\ONEDRIVE\DESKTOP\PIC\PIC.ASM 999 : Found opcode in column 1. (CALL)
Warning[207] C:\USERS\97259\ONEDRIVE\DESKTOP\PIC\PIC.ASM 1001 : Found label after column 1. (LOOP10)
Message[302] C:\USERS\97259\ONEDRIVE\DESKTOP\PIC\PIC.ASM 1007 : Register in operand not in bank 0.  Ensure that bank bits are correct.
Message[302] C:\USERS\97259\ONEDRIVE\DESKTOP\PIC\PIC.ASM 1014 : Register in operand not in bank 0.  Ensure that bank bits are correct.
Warning[202] C:\USERS\97259\ONEDRIVE\DESKTOP\PIC\PIC.ASM 1017 : Argument out of range.  Least significant bits used.
Warning[203] C:\USERS\97259\ONEDRIVE\DESKTOP\PIC\PIC.ASM 1021 : Found opcode in column 1. (MOVLW)
Warning[203] C:\USERS\97259\ONEDRIVE\DESKTOP\PIC\PIC.ASM 1022 : Found opcode in column 1. (XORWF)
Warning[203] C:\USERS\97259\ONEDRIVE\DESKTOP\PIC\PIC.ASM 1023 : Found opcode in column 1. (BTFSS)
Warning[203] C:\USERS\97259\ONEDRIVE\DESKTOP\PIC\PIC.ASM 1024 : Found opcode in column 1. (GOTO)
Message[305] C:\USERS\97259\ONEDRIVE\DESKTOP\PIC\PIC.ASM 1028 : Using default destination of 1 (file).
Message[305] C:\USERS\97259\ONEDRIVE\DESKTOP\PIC\PIC.ASM 1030 : Using default destination of 1 (file).
Message[305] C:\USERS\97259\ONEDRIVE\DESKTOP\PIC\PIC.ASM 1034 : Using default destination of 1 (file).
Warning[207] C:\USERS\97259\ONEDRIVE\DESKTOP\PIC\PIC.ASM 1042 : Found label after column 1. (OnesSumEquals9)
Warning[203] C:\USERS\97259\ONEDRIVE\DESKTOP\PIC\PIC.ASM 1043 : Found opcode in column 1. (MOVLW)
Warning[203] C:\USERS\97259\ONEDRIVE\DESKTOP\PIC\PIC.ASM 1044 : Found opcode in column 1. (MOVWF)
Warning[203] C:\USERS\97259\ONEDRIVE\DESKTOP\PIC\PIC.ASM 1048 : Found opcode in column 1. (MOVLW)
Warning[203] C:\USERS\97259\ONEDRIVE\DESKTOP\PIC\PIC.ASM 1049 : Found opcode in column 1. (SUBWF)
Warning[203] C:\USERS\97259\ONEDRIVE\DESKTOP\PIC\PIC.ASM 1050 : Found opcode in column 1. (MOVLW)
Warning[203] C:\USERS\97259\ONEDRIVE\DESKTOP\PIC\PIC.ASM 1051 : Found opcode in column 1. (MOVWF)
Warning[203] C:\USERS\97259\ONEDRIVE\DESKTOP\PIC\PIC.ASM 1055 : Found opcode in column 1. (MOVLW)
Warning[203] C:\USERS\97259\ONEDRIVE\DESKTOP\PIC\PIC.ASM 1056 : Found opcode in column 1. (MOVWF)
Warning[203] C:\USERS\97259\ONEDRIVE\DESKTOP\PIC\PIC.ASM 1063 : Found opcode in column 1. (MOVF)
Warning[203] C:\USERS\97259\ONEDRIVE\DESKTOP\PIC\PIC.ASM 1064 : Found opcode in column 1. (ADDWF)
Message[305] C:\USERS\97259\ONEDRIVE\DESKTOP\PIC\PIC.ASM 1064 : Using default destination of 1 (file).
Warning[203] C:\USERS\97259\ONEDRIVE\DESKTOP\PIC\PIC.ASM 1065 : Found opcode in column 1. (MOVF)
Warning[203] C:\USERS\97259\ONEDRIVE\DESKTOP\PIC\PIC.ASM 1066 : Found opcode in column 1. (ADDWF)
Message[305] C:\USERS\97259\ONEDRIVE\DESKTOP\PIC\PIC.ASM 1066 : Using default destination of 1 (file).
Warning[203] C:\USERS\97259\ONEDRIVE\DESKTOP\PIC\PIC.ASM 1067 : Found opcode in column 1. (MOVF)
Warning[203] C:\USERS\97259\ONEDRIVE\DESKTOP\PIC\PIC.ASM 1068 : Found opcode in column 1. (ADDWF)
Message[305] C:\USERS\97259\ONEDRIVE\DESKTOP\PIC\PIC.ASM 1068 : Using default destination of 1 (file).
Warning[203] C:\USERS\97259\ONEDRIVE\DESKTOP\PIC\PIC.ASM 1069 : Found opcode in column 1. (MOVF)
Warning[203] C:\USERS\97259\ONEDRIVE\DESKTOP\PIC\PIC.ASM 1070 : Found opcode in column 1. (MOVWF)
Message[305] C:\USERS\97259\ONEDRIVE\DESKTOP\PIC\PIC.ASM 1072 : Using default destination of 1 (file).
Warning[207] C:\USERS\97259\ONEDRIVE\DESKTOP\PIC\PIC.ASM 1081 : Found label after column 1. (TensSumEquals9)
Warning[203] C:\USERS\97259\ONEDRIVE\DESKTOP\PIC\PIC.ASM 1082 : Found opcode in column 1. (MOVLW)
Warning[203] C:\USERS\97259\ONEDRIVE\DESKTOP\PIC\PIC.ASM 1083 : Found opcode in column 1. (MOVWF)
Warning[203] C:\USERS\97259\ONEDRIVE\DESKTOP\PIC\PIC.ASM 1087 : Found opcode in column 1. (MOVLW)
Warning[203] C:\USERS\97259\ONEDRIVE\DESKTOP\PIC\PIC.ASM 1088 : Found opcode in column 1. (SUBWF)
Warning[203] C:\USERS\97259\ONEDRIVE\DESKTOP\PIC\PIC.ASM 1089 : Found opcode in column 1. (MOVLW)
Warning[203] C:\USERS\97259\ONEDRIVE\DESKTOP\PIC\PIC.ASM 1090 : Found opcode in column 1. (MOVWF)
Warning[203] C:\USERS\97259\ONEDRIVE\DESKTOP\PIC\PIC.ASM 1094 : Found opcode in column 1. (MOVLW)
Warning[203] C:\USERS\97259\ONEDRIVE\DESKTOP\PIC\PIC.ASM 1095 : Found opcode in column 1. (MOVWF)
Warning[203] C:\USERS\97259\ONEDRIVE\DESKTOP\PIC\PIC.ASM 1100 : Found opcode in column 1. (MOVF)
Warning[203] C:\USERS\97259\ONEDRIVE\DESKTOP\PIC\PIC.ASM 1101 : Found opcode in column 1. (ADDWF)
Message[305] C:\USERS\97259\ONEDRIVE\DESKTOP\PIC\PIC.ASM 1101 : Using default destination of 1 (file).
Warning[203] C:\USERS\97259\ONEDRIVE\DESKTOP\PIC\PIC.ASM 1102 : Found opcode in column 1. (MOVF)
Warning[203] C:\USERS\97259\ONEDRIVE\DESKTOP\PIC\PIC.ASM 1103 : Found opcode in column 1. (ADDWF)
Message[305] C:\USERS\97259\ONEDRIVE\DESKTOP\PIC\PIC.ASM 1103 : Using default destination of 1 (file).
Warning[203] C:\USERS\97259\ONEDRIVE\DESKTOP\PIC\PIC.ASM 1104 : Found opcode in column 1. (MOVF)
Warning[203] C:\USERS\97259\ONEDRIVE\DESKTOP\PIC\PIC.ASM 1105 : Found opcode in column 1. (ADDWF)
Message[305] C:\USERS\97259\ONEDRIVE\DESKTOP\PIC\PIC.ASM 1105 : Using default destination of 1 (file).
Warning[203] C:\USERS\97259\ONEDRIVE\DESKTOP\PIC\PIC.ASM 1106 : Found opcode in column 1. (MOVF)
Warning[203] C:\USERS\97259\ONEDRIVE\DESKTOP\PIC\PIC.ASM 1107 : Found opcode in column 1. (MOVWF)
Message[305] C:\USERS\97259\ONEDRIVE\DESKTOP\PIC\PIC.ASM 1109 : Using default destination of 1 (file).
Warning[207] C:\USERS\97259\ONEDRIVE\DESKTOP\PIC\PIC.ASM 1117 : Found label after column 1. (HundredsSumEquals9)
Warning[203] C:\USERS\97259\ONEDRIVE\DESKTOP\PIC\PIC.ASM 1118 : Found opcode in column 1. (MOVLW)
Warning[203] C:\USERS\97259\ONEDRIVE\DESKTOP\PIC\PIC.ASM 1119 : Found opcode in column 1. (MOVWF)
Warning[203] C:\USERS\97259\ONEDRIVE\DESKTOP\PIC\PIC.ASM 1123 : Found opcode in column 1. (MOVLW)
Warning[203] C:\USERS\97259\ONEDRIVE\DESKTOP\PIC\PIC.ASM 1124 : Found opcode in column 1. (SUBWF)
Warning[203] C:\USERS\97259\ONEDRIVE\DESKTOP\PIC\PIC.ASM 1125 : Found opcode in column 1. (MOVLW)
Warning[203] C:\USERS\97259\ONEDRIVE\DESKTOP\PIC\PIC.ASM 1126 : Found opcode in column 1. (MOVWF)
Warning[203] C:\USERS\97259\ONEDRIVE\DESKTOP\PIC\PIC.ASM 1130 : Found opcode in column 1. (MOVLW)
Warning[203] C:\USERS\97259\ONEDRIVE\DESKTOP\PIC\PIC.ASM 1131 : Found opcode in column 1. (MOVWF)
Warning[203] C:\USERS\97259\ONEDRIVE\DESKTOP\PIC\PIC.ASM 1136 : Found opcode in column 1. (MOVF)
Warning[203] C:\USERS\97259\ONEDRIVE\DESKTOP\PIC\PIC.ASM 1137 : Found opcode in column 1. (ADDWF)
Message[305] C:\USERS\97259\ONEDRIVE\DESKTOP\PIC\PIC.ASM 1137 : Using default destination of 1 (file).
Warning[203] C:\USERS\97259\ONEDRIVE\DESKTOP\PIC\PIC.ASM 1138 : Found opcode in column 1. (MOVF)
Warning[203] C:\USERS\97259\ONEDRIVE\DESKTOP\PIC\PIC.ASM 1139 : Found opcode in column 1. (ADDWF)
Message[305] C:\USERS\97259\ONEDRIVE\DESKTOP\PIC\PIC.ASM 1139 : Using default destination of 1 (file).
Warning[203] C:\USERS\97259\ONEDRIVE\DESKTOP\PIC\PIC.ASM 1140 : Found opcode in column 1. (MOVF)
Warning[203] C:\USERS\97259\ONEDRIVE\DESKTOP\PIC\PIC.ASM 1141 : Found opcode in column 1. (ADDWF)
Message[305] C:\USERS\97259\ONEDRIVE\DESKTOP\PIC\PIC.ASM 1141 : Using default destination of 1 (file).
Warning[203] C:\USERS\97259\ONEDRIVE\DESKTOP\PIC\PIC.ASM 1142 : Found opcode in column 1. (MOVF)
Warning[203] C:\USERS\97259\ONEDRIVE\DESKTOP\PIC\PIC.ASM 1143 : Found opcode in column 1. (MOVWF)
Message[305] C:\USERS\97259\ONEDRIVE\DESKTOP\PIC\PIC.ASM 1145 : Using default destination of 1 (file).
Warning[207] C:\USERS\97259\ONEDRIVE\DESKTOP\PIC\PIC.ASM 1151 : Found label after column 1. (ThousandsSumEquals9)
Warning[203] C:\USERS\97259\ONEDRIVE\DESKTOP\PIC\PIC.ASM 1152 : Found opcode in column 1. (MOVLW)
Warning[203] C:\USERS\97259\ONEDRIVE\DESKTOP\PIC\PIC.ASM 1153 : Found opcode in column 1. (MOVWF)
Warning[203] C:\USERS\97259\ONEDRIVE\DESKTOP\PIC\PIC.ASM 1157 : Found opcode in column 1. (MOVLW)
Warning[203] C:\USERS\97259\ONEDRIVE\DESKTOP\PIC\PIC.ASM 1158 : Found opcode in column 1. (SUBWF)
Warning[203] C:\USERS\97259\ONEDRIVE\DESKTOP\PIC\PIC.ASM 1159 : Found opcode in column 1. (MOVLW)
Warning[203] C:\USERS\97259\ONEDRIVE\DESKTOP\PIC\PIC.ASM 1160 : Found opcode in column 1. (MOVWF)
Warning[203] C:\USERS\97259\ONEDRIVE\DESKTOP\PIC\PIC.ASM 1164 : Found opcode in column 1. (MOVLW)
Warning[203] C:\USERS\97259\ONEDRIVE\DESKTOP\PIC\PIC.ASM 1165 : Found opcode in column 1. (MOVWF)
Warning[203] C:\USERS\97259\ONEDRIVE\DESKTOP\PIC\PIC.ASM 1170 : Found opcode in column 1. (MOVF)
Warning[203] C:\USERS\97259\ONEDRIVE\DESKTOP\PIC\PIC.ASM 1171 : Found opcode in column 1. (ADDWF)
Message[305] C:\USERS\97259\ONEDRIVE\DESKTOP\PIC\PIC.ASM 1171 : Using default destination of 1 (file).
Warning[203] C:\USERS\97259\ONEDRIVE\DESKTOP\PIC\PIC.ASM 1172 : Found opcode in column 1. (MOVF)
Warning[203] C:\USERS\97259\ONEDRIVE\DESKTOP\PIC\PIC.ASM 1173 : Found opcode in column 1. (ADDWF)
Message[305] C:\USERS\97259\ONEDRIVE\DESKTOP\PIC\PIC.ASM 1173 : Using default destination of 1 (file).
Warning[203] C:\USERS\97259\ONEDRIVE\DESKTOP\PIC\PIC.ASM 1174 : Found opcode in column 1. (MOVF)
Warning[203] C:\USERS\97259\ONEDRIVE\DESKTOP\PIC\PIC.ASM 1175 : Found opcode in column 1. (ADDWF)
Message[305] C:\USERS\97259\ONEDRIVE\DESKTOP\PIC\PIC.ASM 1175 : Using default destination of 1 (file).
Warning[203] C:\USERS\97259\ONEDRIVE\DESKTOP\PIC\PIC.ASM 1176 : Found opcode in column 1. (MOVF)
Warning[203] C:\USERS\97259\ONEDRIVE\DESKTOP\PIC\PIC.ASM 1177 : Found opcode in column 1. (MOVWF)
Message[305] C:\USERS\97259\ONEDRIVE\DESKTOP\PIC\PIC.ASM 1179 : Using default destination of 1 (file).
Warning[207] C:\USERS\97259\ONEDRIVE\DESKTOP\PIC\PIC.ASM 1185 : Found label after column 1. (tenThousandsSumEquals9)
Warning[203] C:\USERS\97259\ONEDRIVE\DESKTOP\PIC\PIC.ASM 1186 : Found opcode in column 1. (MOVLW)
Warning[203] C:\USERS\97259\ONEDRIVE\DESKTOP\PIC\PIC.ASM 1187 : Found opcode in column 1. (MOVWF)
Warning[203] C:\USERS\97259\ONEDRIVE\DESKTOP\PIC\PIC.ASM 1191 : Found opcode in column 1. (MOVLW)
Warning[203] C:\USERS\97259\ONEDRIVE\DESKTOP\PIC\PIC.ASM 1192 : Found opcode in column 1. (SUBWF)
Warning[203] C:\USERS\97259\ONEDRIVE\DESKTOP\PIC\PIC.ASM 1193 : Found opcode in column 1. (MOVLW)
Warning[203] C:\USERS\97259\ONEDRIVE\DESKTOP\PIC\PIC.ASM 1194 : Found opcode in column 1. (MOVWF)
Warning[203] C:\USERS\97259\ONEDRIVE\DESKTOP\PIC\PIC.ASM 1197 : Found opcode in column 1. (MOVLW)
Warning[203] C:\USERS\97259\ONEDRIVE\DESKTOP\PIC\PIC.ASM 1198 : Found opcode in column 1. (MOVWF)
Warning[203] C:\USERS\97259\ONEDRIVE\DESKTOP\PIC\PIC.ASM 1227 : Found opcode in column 1. (BCF)
Warning[203] C:\USERS\97259\ONEDRIVE\DESKTOP\PIC\PIC.ASM 1254 : Found opcode in column 1. (GOTO)
Warning[203] C:\USERS\97259\ONEDRIVE\DESKTOP\PIC\PIC.ASM 1259 : Found opcode in column 1. (CLRF)
Warning[203] C:\USERS\97259\ONEDRIVE\DESKTOP\PIC\PIC.ASM 1260 : Found opcode in column 1. (CLRF)
Warning[203] C:\USERS\97259\ONEDRIVE\DESKTOP\PIC\PIC.ASM 1261 : Found opcode in column 1. (CLRF)
Warning[203] C:\USERS\97259\ONEDRIVE\DESKTOP\PIC\PIC.ASM 1262 : Found opcode in column 1. (CLRF)
Warning[203] C:\USERS\97259\ONEDRIVE\DESKTOP\PIC\PIC.ASM 1263 : Found opcode in column 1. (CLRF)
Warning[203] C:\USERS\97259\ONEDRIVE\DESKTOP\PIC\PIC.ASM 1264 : Found opcode in column 1. (CLRF)
Warning[203] C:\USERS\97259\ONEDRIVE\DESKTOP\PIC\PIC.ASM 1265 : Found opcode in column 1. (CLRF)
Warning[203] C:\USERS\97259\ONEDRIVE\DESKTOP\PIC\PIC.ASM 1266 : Found opcode in column 1. (CLRF)
Warning[203] C:\USERS\97259\ONEDRIVE\DESKTOP\PIC\PIC.ASM 1267 : Found opcode in column 1. (CLRF)
Warning[203] C:\USERS\97259\ONEDRIVE\DESKTOP\PIC\PIC.ASM 1268 : Found opcode in column 1. (MOVLW)
Warning[203] C:\USERS\97259\ONEDRIVE\DESKTOP\PIC\PIC.ASM 1269 : Found opcode in column 1. (XORWF)
Warning[203] C:\USERS\97259\ONEDRIVE\DESKTOP\PIC\PIC.ASM 1270 : Found opcode in column 1. (BTFSS)
Warning[203] C:\USERS\97259\ONEDRIVE\DESKTOP\PIC\PIC.ASM 1271 : Found opcode in column 1. (goto)
Warning[203] C:\USERS\97259\ONEDRIVE\DESKTOP\PIC\PIC.ASM 1274 : Found opcode in column 1. (MOVF)
Warning[203] C:\USERS\97259\ONEDRIVE\DESKTOP\PIC\PIC.ASM 1275 : Found opcode in column 1. (MOVWF)
Warning[203] C:\USERS\97259\ONEDRIVE\DESKTOP\PIC\PIC.ASM 1277 : Found opcode in column 1. (MOVLW)
Warning[203] C:\USERS\97259\ONEDRIVE\DESKTOP\PIC\PIC.ASM 1283 : Found opcode in column 1. (MOVLW)
Message[305] C:\USERS\97259\ONEDRIVE\DESKTOP\PIC\PIC.ASM 1296 : Using default destination of 1 (file).
Message[305] C:\USERS\97259\ONEDRIVE\DESKTOP\PIC\PIC.ASM 1298 : Using default destination of 1 (file).
Message[305] C:\USERS\97259\ONEDRIVE\DESKTOP\PIC\PIC.ASM 1301 : Using default destination of 1 (file).
Warning[203] C:\USERS\97259\ONEDRIVE\DESKTOP\PIC\PIC.ASM 1318 : Found opcode in column 1. (CALL)
Warning[203] C:\USERS\97259\ONEDRIVE\DESKTOP\PIC\PIC.ASM 1319 : Found opcode in column 1. (MOVF)
Warning[203] C:\USERS\97259\ONEDRIVE\DESKTOP\PIC\PIC.ASM 1320 : Found opcode in column 1. (MOVWF)
Warning[203] C:\USERS\97259\ONEDRIVE\DESKTOP\PIC\PIC.ASM 1322 : Found opcode in column 1. (MOVLW)
Warning[203] C:\USERS\97259\ONEDRIVE\DESKTOP\PIC\PIC.ASM 1328 : Found opcode in column 1. (MOVLW)
Message[305] C:\USERS\97259\ONEDRIVE\DESKTOP\PIC\PIC.ASM 1341 : Using default destination of 1 (file).
Message[305] C:\USERS\97259\ONEDRIVE\DESKTOP\PIC\PIC.ASM 1343 : Using default destination of 1 (file).
Message[305] C:\USERS\97259\ONEDRIVE\DESKTOP\PIC\PIC.ASM 1346 : Using default destination of 1 (file).
Warning[203] C:\USERS\97259\ONEDRIVE\DESKTOP\PIC\PIC.ASM 1362 : Found opcode in column 1. (CALL)
Warning[203] C:\USERS\97259\ONEDRIVE\DESKTOP\PIC\PIC.ASM 1372 : Found opcode in column 1. (MOVLW)
Message[305] C:\USERS\97259\ONEDRIVE\DESKTOP\PIC\PIC.ASM 1385 : Using default destination of 1 (file).
Message[305] C:\USERS\97259\ONEDRIVE\DESKTOP\PIC\PIC.ASM 1387 : Using default destination of 1 (file).
Warning[203] C:\USERS\97259\ONEDRIVE\DESKTOP\PIC\PIC.ASM 1403 : Found opcode in column 1. (CALL)
Message[305] C:\USERS\97259\ONEDRIVE\DESKTOP\PIC\PIC.ASM 1425 : Using default destination of 1 (file).
Message[305] C:\USERS\97259\ONEDRIVE\DESKTOP\PIC\PIC.ASM 1427 : Using default destination of 1 (file).
Warning[203] C:\USERS\97259\ONEDRIVE\DESKTOP\PIC\PIC.ASM 1443 : Found opcode in column 1. (CALL)
Message[305] C:\USERS\97259\ONEDRIVE\DESKTOP\PIC\PIC.ASM 1460 : Using default destination of 1 (file).
Message[305] C:\USERS\97259\ONEDRIVE\DESKTOP\PIC\PIC.ASM 1462 : Using default destination of 1 (file).
Warning[203] C:\USERS\97259\ONEDRIVE\DESKTOP\PIC\PIC.ASM 1475 : Found opcode in column 1. (CALL)
Message[305] C:\USERS\97259\ONEDRIVE\DESKTOP\PIC\PIC.ASM 1492 : Using default destination of 1 (file).
Message[305] C:\USERS\97259\ONEDRIVE\DESKTOP\PIC\PIC.ASM 1494 : Using default destination of 1 (file).
Warning[203] C:\USERS\97259\ONEDRIVE\DESKTOP\PIC\PIC.ASM 1505 : Found opcode in column 1. (CALL)
Message[305] C:\USERS\97259\ONEDRIVE\DESKTOP\PIC\PIC.ASM 1521 : Using default destination of 1 (file).
Message[305] C:\USERS\97259\ONEDRIVE\DESKTOP\PIC\PIC.ASM 1523 : Using default destination of 1 (file).
Warning[203] C:\USERS\97259\ONEDRIVE\DESKTOP\PIC\PIC.ASM 1535 : Found opcode in column 1. (CALL)
Message[305] C:\USERS\97259\ONEDRIVE\DESKTOP\PIC\PIC.ASM 1551 : Using default destination of 1 (file).
Message[305] C:\USERS\97259\ONEDRIVE\DESKTOP\PIC\PIC.ASM 1553 : Using default destination of 1 (file).
Warning[203] C:\USERS\97259\ONEDRIVE\DESKTOP\PIC\PIC.ASM 1562 : Found opcode in column 1. (CALL)
Message[305] C:\USERS\97259\ONEDRIVE\DESKTOP\PIC\PIC.ASM 1574 : Using default destination of 1 (file).
Message[305] C:\USERS\97259\ONEDRIVE\DESKTOP\PIC\PIC.ASM 1576 : Using default destination of 1 (file).
Warning[203] C:\USERS\97259\ONEDRIVE\DESKTOP\PIC\PIC.ASM 1581 : Found opcode in column 1. (CALL)
Message[305] C:\USERS\97259\ONEDRIVE\DESKTOP\PIC\PIC.ASM 1593 : Using default destination of 1 (file).
Message[305] C:\USERS\97259\ONEDRIVE\DESKTOP\PIC\PIC.ASM 1595 : Using default destination of 1 (file).
Warning[203] C:\USERS\97259\ONEDRIVE\DESKTOP\PIC\PIC.ASM 1615 : Found opcode in column 1. (CALL)
Warning[203] C:\USERS\97259\ONEDRIVE\DESKTOP\PIC\PIC.ASM 1618 : Found opcode in column 1. (GOTO)
Message[305] C:\USERS\97259\ONEDRIVE\DESKTOP\PIC\PIC.ASM 1641 : Using default destination of 1 (file).
Message[305] C:\USERS\97259\ONEDRIVE\DESKTOP\PIC\PIC.ASM 1645 : Using default destination of 1 (file).
Message[305] C:\USERS\97259\ONEDRIVE\DESKTOP\PIC\PIC.ASM 1651 : Using default destination of 1 (file).
Message[305] C:\USERS\97259\ONEDRIVE\DESKTOP\PIC\PIC.ASM 1655 : Using default destination of 1 (file).
Message[305] C:\USERS\97259\ONEDRIVE\DESKTOP\PIC\PIC.ASM 1659 : Using default destination of 1 (file).
Message[305] C:\USERS\97259\ONEDRIVE\DESKTOP\PIC\PIC.ASM 1663 : Using default destination of 1 (file).
Warning[203] C:\USERS\97259\ONEDRIVE\DESKTOP\PIC\PIC.ASM 1676 : Found opcode in column 1. (MOVF)
Warning[203] C:\USERS\97259\ONEDRIVE\DESKTOP\PIC\PIC.ASM 1677 : Found opcode in column 1. (MOVWF)
Warning[203] C:\USERS\97259\ONEDRIVE\DESKTOP\PIC\PIC.ASM 1678 : Found opcode in column 1. (MOVF)
Warning[203] C:\USERS\97259\ONEDRIVE\DESKTOP\PIC\PIC.ASM 1679 : Found opcode in column 1. (MOVWF)
Warning[203] C:\USERS\97259\ONEDRIVE\DESKTOP\PIC\PIC.ASM 1680 : Found opcode in column 1. (MOVLW)
Warning[203] C:\USERS\97259\ONEDRIVE\DESKTOP\PIC\PIC.ASM 1681 : Found opcode in column 1. (MOVWF)
Warning[203] C:\USERS\97259\ONEDRIVE\DESKTOP\PIC\PIC.ASM 1682 : Found opcode in column 1. (CLRF)
Warning[203] C:\USERS\97259\ONEDRIVE\DESKTOP\PIC\PIC.ASM 1684 : Found opcode in column 1. (MOVLW)
Warning[203] C:\USERS\97259\ONEDRIVE\DESKTOP\PIC\PIC.ASM 1685 : Found opcode in column 1. (XORWF)
Warning[203] C:\USERS\97259\ONEDRIVE\DESKTOP\PIC\PIC.ASM 1686 : Found opcode in column 1. (BTFSS)
Warning[203] C:\USERS\97259\ONEDRIVE\DESKTOP\PIC\PIC.ASM 1687 : Found opcode in column 1. (goto)
Warning[203] C:\USERS\97259\ONEDRIVE\DESKTOP\PIC\PIC.ASM 1692 : Found opcode in column 1. (CLRF)
Warning[203] C:\USERS\97259\ONEDRIVE\DESKTOP\PIC\PIC.ASM 1693 : Found opcode in column 1. (CLRF)
Warning[203] C:\USERS\97259\ONEDRIVE\DESKTOP\PIC\PIC.ASM 1694 : Found opcode in column 1. (CLRF)
Message[305] C:\USERS\97259\ONEDRIVE\DESKTOP\PIC\PIC.ASM 1715 : Using default destination of 1 (file).
Message[305] C:\USERS\97259\ONEDRIVE\DESKTOP\PIC\PIC.ASM 1719 : Using default destination of 1 (file).
Message[305] C:\USERS\97259\ONEDRIVE\DESKTOP\PIC\PIC.ASM 1725 : Using default destination of 1 (file).
Message[305] C:\USERS\97259\ONEDRIVE\DESKTOP\PIC\PIC.ASM 1729 : Using default destination of 1 (file).
Message[305] C:\USERS\97259\ONEDRIVE\DESKTOP\PIC\PIC.ASM 1733 : Using default destination of 1 (file).
Message[305] C:\USERS\97259\ONEDRIVE\DESKTOP\PIC\PIC.ASM 1737 : Using default destination of 1 (file).
Warning[203] C:\USERS\97259\ONEDRIVE\DESKTOP\PIC\PIC.ASM 1750 : Found opcode in column 1. (MOVF)
Warning[203] C:\USERS\97259\ONEDRIVE\DESKTOP\PIC\PIC.ASM 1751 : Found opcode in column 1. (MOVWF)
Warning[203] C:\USERS\97259\ONEDRIVE\DESKTOP\PIC\PIC.ASM 1752 : Found opcode in column 1. (MOVF)
Warning[203] C:\USERS\97259\ONEDRIVE\DESKTOP\PIC\PIC.ASM 1753 : Found opcode in column 1. (MOVWF)
Warning[203] C:\USERS\97259\ONEDRIVE\DESKTOP\PIC\PIC.ASM 1754 : Found opcode in column 1. (MOVF)
Warning[203] C:\USERS\97259\ONEDRIVE\DESKTOP\PIC\PIC.ASM 1755 : Found opcode in column 1. (MOVWF)
Warning[203] C:\USERS\97259\ONEDRIVE\DESKTOP\PIC\PIC.ASM 1760 : Found opcode in column 1. (MOVLW)
Warning[203] C:\USERS\97259\ONEDRIVE\DESKTOP\PIC\PIC.ASM 1761 : Found opcode in column 1. (MOVWF)
Warning[203] C:\USERS\97259\ONEDRIVE\DESKTOP\PIC\PIC.ASM 1762 : Found opcode in column 1. (CLRF)
Warning[203] C:\USERS\97259\ONEDRIVE\DESKTOP\PIC\PIC.ASM 1763 : Found opcode in column 1. (CLRF)
Warning[203] C:\USERS\97259\ONEDRIVE\DESKTOP\PIC\PIC.ASM 1764 : Found opcode in column 1. (CLRF)
Message[305] C:\USERS\97259\ONEDRIVE\DESKTOP\PIC\PIC.ASM 1785 : Using default destination of 1 (file).
Message[305] C:\USERS\97259\ONEDRIVE\DESKTOP\PIC\PIC.ASM 1789 : Using default destination of 1 (file).
Message[305] C:\USERS\97259\ONEDRIVE\DESKTOP\PIC\PIC.ASM 1795 : Using default destination of 1 (file).
Message[305] C:\USERS\97259\ONEDRIVE\DESKTOP\PIC\PIC.ASM 1799 : Using default destination of 1 (file).
Message[305] C:\USERS\97259\ONEDRIVE\DESKTOP\PIC\PIC.ASM 1803 : Using default destination of 1 (file).
Message[305] C:\USERS\97259\ONEDRIVE\DESKTOP\PIC\PIC.ASM 1807 : Using default destination of 1 (file).
Warning[203] C:\USERS\97259\ONEDRIVE\DESKTOP\PIC\PIC.ASM 1820 : Found opcode in column 1. (MOVF)
Warning[203] C:\USERS\97259\ONEDRIVE\DESKTOP\PIC\PIC.ASM 1821 : Found opcode in column 1. (MOVWF)
Warning[203] C:\USERS\97259\ONEDRIVE\DESKTOP\PIC\PIC.ASM 1822 : Found opcode in column 1. (MOVF)
Warning[203] C:\USERS\97259\ONEDRIVE\DESKTOP\PIC\PIC.ASM 1823 : Found opcode in column 1. (MOVWF)
Warning[203] C:\USERS\97259\ONEDRIVE\DESKTOP\PIC\PIC.ASM 1824 : Found opcode in column 1. (MOVF)
Warning[203] C:\USERS\97259\ONEDRIVE\DESKTOP\PIC\PIC.ASM 1825 : Found opcode in column 1. (MOVWF)
Warning[203] C:\USERS\97259\ONEDRIVE\DESKTOP\PIC\PIC.ASM 1828 : Found opcode in column 1. (MOVLW)
Warning[203] C:\USERS\97259\ONEDRIVE\DESKTOP\PIC\PIC.ASM 1829 : Found opcode in column 1. (MOVWF)
Warning[203] C:\USERS\97259\ONEDRIVE\DESKTOP\PIC\PIC.ASM 1831 : Found opcode in column 1. (CLRF)
Warning[203] C:\USERS\97259\ONEDRIVE\DESKTOP\PIC\PIC.ASM 1832 : Found opcode in column 1. (CLRF)
Warning[203] C:\USERS\97259\ONEDRIVE\DESKTOP\PIC\PIC.ASM 1833 : Found opcode in column 1. (CLRF)
Message[305] C:\USERS\97259\ONEDRIVE\DESKTOP\PIC\PIC.ASM 1854 : Using default destination of 1 (file).
Message[305] C:\USERS\97259\ONEDRIVE\DESKTOP\PIC\PIC.ASM 1858 : Using default destination of 1 (file).
Message[305] C:\USERS\97259\ONEDRIVE\DESKTOP\PIC\PIC.ASM 1864 : Using default destination of 1 (file).
Message[305] C:\USERS\97259\ONEDRIVE\DESKTOP\PIC\PIC.ASM 1868 : Using default destination of 1 (file).
Message[305] C:\USERS\97259\ONEDRIVE\DESKTOP\PIC\PIC.ASM 1872 : Using default destination of 1 (file).
Message[305] C:\USERS\97259\ONEDRIVE\DESKTOP\PIC\PIC.ASM 1876 : Using default destination of 1 (file).
Warning[203] C:\USERS\97259\ONEDRIVE\DESKTOP\PIC\PIC.ASM 1889 : Found opcode in column 1. (MOVF)
Warning[203] C:\USERS\97259\ONEDRIVE\DESKTOP\PIC\PIC.ASM 1890 : Found opcode in column 1. (MOVWF)
Warning[203] C:\USERS\97259\ONEDRIVE\DESKTOP\PIC\PIC.ASM 1891 : Found opcode in column 1. (MOVF)
Warning[203] C:\USERS\97259\ONEDRIVE\DESKTOP\PIC\PIC.ASM 1892 : Found opcode in column 1. (MOVWF)
Warning[203] C:\USERS\97259\ONEDRIVE\DESKTOP\PIC\PIC.ASM 1893 : Found opcode in column 1. (MOVF)
Warning[203] C:\USERS\97259\ONEDRIVE\DESKTOP\PIC\PIC.ASM 1894 : Found opcode in column 1. (MOVWF)
Warning[203] C:\USERS\97259\ONEDRIVE\DESKTOP\PIC\PIC.ASM 1897 : Found opcode in column 1. (MOVLW)
Warning[203] C:\USERS\97259\ONEDRIVE\DESKTOP\PIC\PIC.ASM 1898 : Found opcode in column 1. (MOVWF)
Warning[203] C:\USERS\97259\ONEDRIVE\DESKTOP\PIC\PIC.ASM 1899 : Found opcode in column 1. (CLRF)
Warning[203] C:\USERS\97259\ONEDRIVE\DESKTOP\PIC\PIC.ASM 1900 : Found opcode in column 1. (CLRF)
Warning[203] C:\USERS\97259\ONEDRIVE\DESKTOP\PIC\PIC.ASM 1901 : Found opcode in column 1. (CLRF)
Message[305] C:\USERS\97259\ONEDRIVE\DESKTOP\PIC\PIC.ASM 1922 : Using default destination of 1 (file).
Message[305] C:\USERS\97259\ONEDRIVE\DESKTOP\PIC\PIC.ASM 1926 : Using default destination of 1 (file).
Message[305] C:\USERS\97259\ONEDRIVE\DESKTOP\PIC\PIC.ASM 1932 : Using default destination of 1 (file).
Message[305] C:\USERS\97259\ONEDRIVE\DESKTOP\PIC\PIC.ASM 1936 : Using default destination of 1 (file).
Message[305] C:\USERS\97259\ONEDRIVE\DESKTOP\PIC\PIC.ASM 1940 : Using default destination of 1 (file).
Message[305] C:\USERS\97259\ONEDRIVE\DESKTOP\PIC\PIC.ASM 1944 : Using default destination of 1 (file).
Warning[203] C:\USERS\97259\ONEDRIVE\DESKTOP\PIC\PIC.ASM 1957 : Found opcode in column 1. (MOVF)
Warning[203] C:\USERS\97259\ONEDRIVE\DESKTOP\PIC\PIC.ASM 1958 : Found opcode in column 1. (MOVWF)
Warning[203] C:\USERS\97259\ONEDRIVE\DESKTOP\PIC\PIC.ASM 1959 : Found opcode in column 1. (MOVF)
Warning[203] C:\USERS\97259\ONEDRIVE\DESKTOP\PIC\PIC.ASM 1960 : Found opcode in column 1. (MOVWF)
Warning[203] C:\USERS\97259\ONEDRIVE\DESKTOP\PIC\PIC.ASM 1961 : Found opcode in column 1. (MOVF)
Warning[203] C:\USERS\97259\ONEDRIVE\DESKTOP\PIC\PIC.ASM 1962 : Found opcode in column 1. (MOVWF)
Warning[203] C:\USERS\97259\ONEDRIVE\DESKTOP\PIC\PIC.ASM 1964 : Found opcode in column 1. (MOVF)
Warning[203] C:\USERS\97259\ONEDRIVE\DESKTOP\PIC\PIC.ASM 1965 : Found opcode in column 1. (MOVWF)
Warning[203] C:\USERS\97259\ONEDRIVE\DESKTOP\PIC\PIC.ASM 1966 : Found opcode in column 1. (MOVF)
Warning[203] C:\USERS\97259\ONEDRIVE\DESKTOP\PIC\PIC.ASM 1967 : Found opcode in column 1. (MOVWF)
Warning[203] C:\USERS\97259\ONEDRIVE\DESKTOP\PIC\PIC.ASM 1968 : Found opcode in column 1. (MOVF)
Warning[203] C:\USERS\97259\ONEDRIVE\DESKTOP\PIC\PIC.ASM 1969 : Found opcode in column 1. (MOVWF)
Warning[203] C:\USERS\97259\ONEDRIVE\DESKTOP\PIC\PIC.ASM 1971 : Found opcode in column 1. (goto)
Warning[203] C:\USERS\97259\ONEDRIVE\DESKTOP\PIC\PIC.ASM 1985 : Found opcode in column 1. (CALL)
Warning[203] C:\USERS\97259\ONEDRIVE\DESKTOP\PIC\PIC.ASM 2033 : Found opcode in column 1. (GOTO)
Warning[203] C:\USERS\97259\ONEDRIVE\DESKTOP\PIC\PIC.ASM 2037 : Found opcode in column 1. (goto)
Warning[203] C:\USERS\97259\ONEDRIVE\DESKTOP\PIC\PIC.ASM 2040 : Found opcode in column 1. (MOVLW)
Warning[203] C:\USERS\97259\ONEDRIVE\DESKTOP\PIC\PIC.ASM 2041 : Found opcode in column 1. (MOVWF)
Warning[203] C:\USERS\97259\ONEDRIVE\DESKTOP\PIC\PIC.ASM 2042 : Found opcode in column 1. (CLRF)
Warning[203] C:\USERS\97259\ONEDRIVE\DESKTOP\PIC\PIC.ASM 2043 : Found opcode in column 1. (CLRF)
Warning[203] C:\USERS\97259\ONEDRIVE\DESKTOP\PIC\PIC.ASM 2044 : Found opcode in column 1. (CLRF)
Message[305] C:\USERS\97259\ONEDRIVE\DESKTOP\PIC\PIC.ASM 2070 : Using default destination of 1 (file).
Message[305] C:\USERS\97259\ONEDRIVE\DESKTOP\PIC\PIC.ASM 2074 : Using default destination of 1 (file).
Message[305] C:\USERS\97259\ONEDRIVE\DESKTOP\PIC\PIC.ASM 2080 : Using default destination of 1 (file).
Message[305] C:\USERS\97259\ONEDRIVE\DESKTOP\PIC\PIC.ASM 2084 : Using default destination of 1 (file).
Message[305] C:\USERS\97259\ONEDRIVE\DESKTOP\PIC\PIC.ASM 2088 : Using default destination of 1 (file).
Message[305] C:\USERS\97259\ONEDRIVE\DESKTOP\PIC\PIC.ASM 2092 : Using default destination of 1 (file).
Message[305] C:\USERS\97259\ONEDRIVE\DESKTOP\PIC\PIC.ASM 2141 : Using default destination of 1 (file).
Message[305] C:\USERS\97259\ONEDRIVE\DESKTOP\PIC\PIC.ASM 2145 : Using default destination of 1 (file).
Message[305] C:\USERS\97259\ONEDRIVE\DESKTOP\PIC\PIC.ASM 2151 : Using default destination of 1 (file).
Message[305] C:\USERS\97259\ONEDRIVE\DESKTOP\PIC\PIC.ASM 2155 : Using default destination of 1 (file).
Message[305] C:\USERS\97259\ONEDRIVE\DESKTOP\PIC\PIC.ASM 2159 : Using default destination of 1 (file).
Message[305] C:\USERS\97259\ONEDRIVE\DESKTOP\PIC\PIC.ASM 2163 : Using default destination of 1 (file).
Message[305] C:\USERS\97259\ONEDRIVE\DESKTOP\PIC\PIC.ASM 2210 : Using default destination of 1 (file).
Message[305] C:\USERS\97259\ONEDRIVE\DESKTOP\PIC\PIC.ASM 2214 : Using default destination of 1 (file).
Message[305] C:\USERS\97259\ONEDRIVE\DESKTOP\PIC\PIC.ASM 2220 : Using default destination of 1 (file).
Message[305] C:\USERS\97259\ONEDRIVE\DESKTOP\PIC\PIC.ASM 2224 : Using default destination of 1 (file).
Message[305] C:\USERS\97259\ONEDRIVE\DESKTOP\PIC\PIC.ASM 2228 : Using default destination of 1 (file).
Message[305] C:\USERS\97259\ONEDRIVE\DESKTOP\PIC\PIC.ASM 2232 : Using default destination of 1 (file).
Message[305] C:\USERS\97259\ONEDRIVE\DESKTOP\PIC\PIC.ASM 2279 : Using default destination of 1 (file).
Message[305] C:\USERS\97259\ONEDRIVE\DESKTOP\PIC\PIC.ASM 2283 : Using default destination of 1 (file).
Message[305] C:\USERS\97259\ONEDRIVE\DESKTOP\PIC\PIC.ASM 2289 : Using default destination of 1 (file).
Message[305] C:\USERS\97259\ONEDRIVE\DESKTOP\PIC\PIC.ASM 2293 : Using default destination of 1 (file).
Message[305] C:\USERS\97259\ONEDRIVE\DESKTOP\PIC\PIC.ASM 2297 : Using default destination of 1 (file).
Message[305] C:\USERS\97259\ONEDRIVE\DESKTOP\PIC\PIC.ASM 2301 : Using default destination of 1 (file).
Warning[203] C:\USERS\97259\ONEDRIVE\DESKTOP\PIC\PIC.ASM 2372 : Found opcode in column 1. (MOVLW)
Warning[203] C:\USERS\97259\ONEDRIVE\DESKTOP\PIC\PIC.ASM 2373 : Found opcode in column 1. (MOVWF)
Warning[203] C:\USERS\97259\ONEDRIVE\DESKTOP\PIC\PIC.ASM 2374 : Found opcode in column 1. (CLRF)
Message[302] C:\USERS\97259\ONEDRIVE\DESKTOP\PIC\PIC.ASM 2375 : Register in operand not in bank 0.  Ensure that bank bits are correct.
Warning[203] C:\USERS\97259\ONEDRIVE\DESKTOP\PIC\PIC.ASM 2382 : Found opcode in column 1. (CALL)
Warning[207] C:\USERS\97259\ONEDRIVE\DESKTOP\PIC\PIC.ASM 2385 : Found label after column 1. (LOOPYN)
Message[302] C:\USERS\97259\ONEDRIVE\DESKTOP\PIC\PIC.ASM 2394 : Register in operand not in bank 0.  Ensure that bank bits are correct.
Message[302] C:\USERS\97259\ONEDRIVE\DESKTOP\PIC\PIC.ASM 2397 : Register in operand not in bank 0.  Ensure that bank bits are correct.
Warning[203] C:\USERS\97259\ONEDRIVE\DESKTOP\PIC\PIC.ASM 2400 : Found opcode in column 1. (CALL)
Message[302] C:\USERS\97259\ONEDRIVE\DESKTOP\PIC\PIC.ASM 2455 : Register in operand not in bank 0.  Ensure that bank bits are correct.
Warning[203] C:\USERS\97259\ONEDRIVE\DESKTOP\PIC\PIC.ASM 2462 : Found opcode in column 1. (CALL)
Warning[207] C:\USERS\97259\ONEDRIVE\DESKTOP\PIC\PIC.ASM 2465 : Found label after column 1. (LOOPYN1)
Message[302] C:\USERS\97259\ONEDRIVE\DESKTOP\PIC\PIC.ASM 2474 : Register in operand not in bank 0.  Ensure that bank bits are correct.
Message[302] C:\USERS\97259\ONEDRIVE\DESKTOP\PIC\PIC.ASM 2477 : Register in operand not in bank 0.  Ensure that bank bits are correct.
Warning[203] C:\USERS\97259\ONEDRIVE\DESKTOP\PIC\PIC.ASM 2486 : Found opcode in column 1. (MOVLW)
Warning[203] C:\USERS\97259\ONEDRIVE\DESKTOP\PIC\PIC.ASM 2487 : Found opcode in column 1. (XORWF)
Warning[203] C:\USERS\97259\ONEDRIVE\DESKTOP\PIC\PIC.ASM 2488 : Found opcode in column 1. (BTFSS)
Warning[203] C:\USERS\97259\ONEDRIVE\DESKTOP\PIC\PIC.ASM 2489 : Found opcode in column 1. (GOTO)
Warning[203] C:\USERS\97259\ONEDRIVE\DESKTOP\PIC\PIC.ASM 2524 : Found opcode in column 1. (CALL)
Message[302] C:\USERS\97259\ONEDRIVE\DESKTOP\PIC\PIC.ASM 2538 : Register in operand not in bank 0.  Ensure that bank bits are correct.
Warning[203] C:\USERS\97259\ONEDRIVE\DESKTOP\PIC\PIC.ASM 2545 : Found opcode in column 1. (CALL)
Warning[207] C:\USERS\97259\ONEDRIVE\DESKTOP\PIC\PIC.ASM 2548 : Found label after column 1. (LOOPYN2)
Message[302] C:\USERS\97259\ONEDRIVE\DESKTOP\PIC\PIC.ASM 2557 : Register in operand not in bank 0.  Ensure that bank bits are correct.
Message[302] C:\USERS\97259\ONEDRIVE\DESKTOP\PIC\PIC.ASM 2560 : Register in operand not in bank 0.  Ensure that bank bits are correct.
Warning[203] C:\USERS\97259\ONEDRIVE\DESKTOP\PIC\PIC.ASM 2569 : Found opcode in column 1. (GOTO)
Warning[203] C:\USERS\97259\ONEDRIVE\DESKTOP\PIC\PIC.ASM 2573 : Found opcode in column 1. (GOTO)
